<?xml version="1.0" encoding="UTF-8"?>
<testsuite xmlns:xsi="http://www.w3.org/2001/XMLSchema-instance" xsi:noNamespaceSchemaLocation="https://maven.apache.org/surefire/maven-surefire-plugin/xsd/surefire-test-report-3.0.xsd" version="3.0" name="ie.atu.CounterTest" time="0.067" tests="2" errors="0" skipped="0" failures="0">
  <properties>
[...]
</properties>
  <testcase name="testIncrement" classname="ie.atu.CounterTest" time="0.04"/>
  <testcase name="testDecrement" classname="ie.atu.CounterTest" time="0.001"/>
</testsuite>